This is pdfTeX, Version 3.14159265-2.6-1.40.19 (MiKTeX 2.9.6730 64-bit) (preloaded format=pdflatex 2018.7.8)  4 AUG 2018 19:43
entering extended mode
**./cmpt469FinalProject.tex
(cmpt469FinalProject.tex
LaTeX2e <2018-04-01> patch level 5
("C:\Program Files\MiKTeX 2.9\tex\latex\base\article.cls"
Document Class: article 2014/09/29 v1.4h Standard LaTeX document class
("C:\Program Files\MiKTeX 2.9\tex\latex\base\size10.clo"
File: size10.clo 2014/09/29 v1.4h Standard LaTeX file (size option)
)
\c@part=\count80
\c@section=\count81
\c@subsection=\count82
\c@subsubsection=\count83
\c@paragraph=\count84
\c@subparagraph=\count85
\c@figure=\count86
\c@table=\count87
\abovecaptionskip=\skip41
\belowcaptionskip=\skip42
\bibindent=\dimen102
)
("C:\Program Files\MiKTeX 2.9\tex\latex\amsmath\amsmath.sty"
Package: amsmath 2017/09/02 v2.17a AMS math features
\@mathmargin=\skip43

For additional information on amsmath, use the `?' option.
("C:\Program Files\MiKTeX 2.9\tex\latex\amsmath\amstext.sty"
Package: amstext 2000/06/29 v2.01 AMS text

("C:\Program Files\MiKTeX 2.9\tex\latex\amsmath\amsgen.sty"
File: amsgen.sty 1999/11/30 v2.0 generic functions
\@emptytoks=\toks14
\ex@=\dimen103
))
("C:\Program Files\MiKTeX 2.9\tex\latex\amsmath\amsbsy.sty"
Package: amsbsy 1999/11/29 v1.2d Bold Symbols
\pmbraise@=\dimen104
)
("C:\Program Files\MiKTeX 2.9\tex\latex\amsmath\amsopn.sty"
Package: amsopn 2016/03/08 v2.02 operator names
)
\inf@bad=\count88
LaTeX Info: Redefining \frac on input line 213.
\uproot@=\count89
\leftroot@=\count90
LaTeX Info: Redefining \overline on input line 375.
\classnum@=\count91
\DOTSCASE@=\count92
LaTeX Info: Redefining \ldots on input line 472.
LaTeX Info: Redefining \dots on input line 475.
LaTeX Info: Redefining \cdots on input line 596.
\Mathstrutbox@=\box26
\strutbox@=\box27
\big@size=\dimen105
LaTeX Font Info:    Redeclaring font encoding OML on input line 712.
LaTeX Font Info:    Redeclaring font encoding OMS on input line 713.
\macc@depth=\count93
\c@MaxMatrixCols=\count94
\dotsspace@=\muskip10
\c@parentequation=\count95
\dspbrk@lvl=\count96
\tag@help=\toks15
\row@=\count97
\column@=\count98
\maxfields@=\count99
\andhelp@=\toks16
\eqnshift@=\dimen106
\alignsep@=\dimen107
\tagshift@=\dimen108
\tagwidth@=\dimen109
\totwidth@=\dimen110
\lineht@=\dimen111
\@envbody=\toks17
\multlinegap=\skip44
\multlinetaggap=\skip45
\mathdisplay@stack=\toks18
LaTeX Info: Redefining \[ on input line 2817.
LaTeX Info: Redefining \] on input line 2818.
)
("C:\Program Files\MiKTeX 2.9\tex\latex\geometry\geometry.sty"
Package: geometry 2018/04/16 v5.8 Page Geometry

("C:\Program Files\MiKTeX 2.9\tex\latex\graphics\keyval.sty"
Package: keyval 2014/10/28 v1.15 key=value parser (DPC)
\KV@toks@=\toks19
)
("C:\Program Files\MiKTeX 2.9\tex\generic\oberdiek\ifpdf.sty"
Package: ifpdf 2017/03/15 v3.2 Provides the ifpdf switch
)
("C:\Program Files\MiKTeX 2.9\tex\generic\oberdiek\ifvtex.sty"
Package: ifvtex 2016/05/16 v1.6 Detect VTeX and its facilities (HO)
Package ifvtex Info: VTeX not detected.
)
("C:\Program Files\MiKTeX 2.9\tex\generic\ifxetex\ifxetex.sty"
Package: ifxetex 2010/09/12 v0.6 Provides ifxetex conditional
)
\Gm@cnth=\count100
\Gm@cntv=\count101
\c@Gm@tempcnt=\count102
\Gm@bindingoffset=\dimen112
\Gm@wd@mp=\dimen113
\Gm@odd@mp=\dimen114
\Gm@even@mp=\dimen115
\Gm@layoutwidth=\dimen116
\Gm@layoutheight=\dimen117
\Gm@layouthoffset=\dimen118
\Gm@layoutvoffset=\dimen119
\Gm@dimlist=\toks20

("C:\Program Files\MiKTeX 2.9\tex\latex\geometry\geometry.cfg"))
("C:\Program Files\MiKTeX 2.9\tex\latex\hyperref\hyperref.sty"
Package: hyperref 2018/02/06 v6.86b Hypertext links for LaTeX

("C:\Program Files\MiKTeX 2.9\tex\generic\oberdiek\hobsub-hyperref.sty"
Package: hobsub-hyperref 2016/05/16 v1.14 Bundle oberdiek, subset hyperref (HO)


("C:\Program Files\MiKTeX 2.9\tex\generic\oberdiek\hobsub-generic.sty"
Package: hobsub-generic 2016/05/16 v1.14 Bundle oberdiek, subset generic (HO)
Package: hobsub 2016/05/16 v1.14 Construct package bundles (HO)
Package: infwarerr 2016/05/16 v1.4 Providing info/warning/error messages (HO)
Package: ltxcmds 2016/05/16 v1.23 LaTeX kernel commands for general use (HO)
Package: ifluatex 2016/05/16 v1.4 Provides the ifluatex switch (HO)
Package ifluatex Info: LuaTeX not detected.
Package hobsub Info: Skipping package `ifvtex' (already loaded).
Package: intcalc 2016/05/16 v1.2 Expandable calculations with integers (HO)
Package hobsub Info: Skipping package `ifpdf' (already loaded).
Package: etexcmds 2016/05/16 v1.6 Avoid name clashes with e-TeX commands (HO)
Package etexcmds Info: Could not find \expanded.
(etexcmds)             That can mean that you are not using pdfTeX 1.50 or
(etexcmds)             that some package has redefined \expanded.
(etexcmds)             In the latter case, load this package earlier.
Package: kvsetkeys 2016/05/16 v1.17 Key value parser (HO)
Package: kvdefinekeys 2016/05/16 v1.4 Define keys (HO)
Package: pdftexcmds 2018/01/30 v0.27 Utility functions of pdfTeX for LuaTeX (HO
)
Package pdftexcmds Info: LuaTeX not detected.
Package pdftexcmds Info: \pdf@primitive is available.
Package pdftexcmds Info: \pdf@ifprimitive is available.
Package pdftexcmds Info: \pdfdraftmode found.
Package: pdfescape 2016/05/16 v1.14 Implements pdfTeX's escape features (HO)
Package: bigintcalc 2016/05/16 v1.4 Expandable calculations on big integers (HO
)
Package: bitset 2016/05/16 v1.2 Handle bit-vector datatype (HO)
Package: uniquecounter 2016/05/16 v1.3 Provide unlimited unique counter (HO)
)
Package hobsub Info: Skipping package `hobsub' (already loaded).
Package: letltxmacro 2016/05/16 v1.5 Let assignment for LaTeX macros (HO)
Package: hopatch 2016/05/16 v1.3 Wrapper for package hooks (HO)
Package: xcolor-patch 2016/05/16 xcolor patch
Package: atveryend 2016/05/16 v1.9 Hooks at the very end of document (HO)
Package atveryend Info: \enddocument detected (standard20110627).
Package: atbegshi 2016/06/09 v1.18 At begin shipout hook (HO)
Package: refcount 2016/05/16 v3.5 Data extraction from label references (HO)
Package: hycolor 2016/05/16 v1.8 Color options for hyperref/bookmark (HO)
)
("C:\Program Files\MiKTeX 2.9\tex\latex\oberdiek\auxhook.sty"
Package: auxhook 2016/05/16 v1.4 Hooks for auxiliary files (HO)
)
("C:\Program Files\MiKTeX 2.9\tex\latex\oberdiek\kvoptions.sty"
Package: kvoptions 2016/05/16 v3.12 Key value format for package options (HO)
)
\@linkdim=\dimen120
\Hy@linkcounter=\count103
\Hy@pagecounter=\count104

("C:\Program Files\MiKTeX 2.9\tex\latex\hyperref\pd1enc.def"
File: pd1enc.def 2018/02/06 v6.86b Hyperref: PDFDocEncoding definition (HO)
Now handling font encoding PD1 ...
... no UTF-8 mapping file for font encoding PD1
)
\Hy@SavedSpaceFactor=\count105

("C:\Program Files\MiKTeX 2.9\tex\latex\00miktex\hyperref.cfg"
File: hyperref.cfg 2002/06/06 v1.2 hyperref configuration of TeXLive
)
Package hyperref Info: Hyper figures OFF on input line 4509.
Package hyperref Info: Link nesting OFF on input line 4514.
Package hyperref Info: Hyper index ON on input line 4517.
Package hyperref Info: Plain pages OFF on input line 4524.
Package hyperref Info: Backreferencing OFF on input line 4529.
Package hyperref Info: Implicit mode ON; LaTeX internals redefined.
Package hyperref Info: Bookmarks ON on input line 4762.
\c@Hy@tempcnt=\count106

("C:\Program Files\MiKTeX 2.9\tex\latex\url\url.sty"
\Urlmuskip=\muskip11
Package: url 2013/09/16  ver 3.4  Verb mode for urls, etc.
)
LaTeX Info: Redefining \url on input line 5115.
\XeTeXLinkMargin=\dimen121
\Fld@menulength=\count107
\Field@Width=\dimen122
\Fld@charsize=\dimen123
Package hyperref Info: Hyper figures OFF on input line 6369.
Package hyperref Info: Link nesting OFF on input line 6374.
Package hyperref Info: Hyper index ON on input line 6377.
Package hyperref Info: backreferencing OFF on input line 6384.
Package hyperref Info: Link coloring OFF on input line 6389.
Package hyperref Info: Link coloring with OCG OFF on input line 6394.
Package hyperref Info: PDF/A mode OFF on input line 6399.
LaTeX Info: Redefining \ref on input line 6439.
LaTeX Info: Redefining \pageref on input line 6443.
\Hy@abspage=\count108
\c@Item=\count109
\c@Hfootnote=\count110
)
Package hyperref Info: Driver (autodetected): hpdftex.

("C:\Program Files\MiKTeX 2.9\tex\latex\hyperref\hpdftex.def"
File: hpdftex.def 2018/02/06 v6.86b Hyperref driver for pdfTeX
\Fld@listcount=\count111
\c@bookmark@seq@number=\count112

("C:\Program Files\MiKTeX 2.9\tex\latex\oberdiek\rerunfilecheck.sty"
Package: rerunfilecheck 2016/05/16 v1.8 Rerun checks for auxiliary files (HO)
Package uniquecounter Info: New unique counter `rerunfilecheck' on input line 2
82.
)
\Hy@SectionHShift=\skip46
)
("C:\Program Files\MiKTeX 2.9\tex\latex\graphics\graphicx.sty"
Package: graphicx 2017/06/01 v1.1a Enhanced LaTeX Graphics (DPC,SPQR)

("C:\Program Files\MiKTeX 2.9\tex\latex\graphics\graphics.sty"
Package: graphics 2017/06/25 v1.2c Standard LaTeX Graphics (DPC,SPQR)

("C:\Program Files\MiKTeX 2.9\tex\latex\graphics\trig.sty"
Package: trig 2016/01/03 v1.10 sin cos tan (DPC)
)
("C:\Program Files\MiKTeX 2.9\tex\latex\graphics-cfg\graphics.cfg"
File: graphics.cfg 2016/06/04 v1.11 sample graphics configuration
)
Package graphics Info: Driver file: pdftex.def on input line 99.

("C:\Program Files\MiKTeX 2.9\tex\latex\graphics-def\pdftex.def"
File: pdftex.def 2018/01/08 v1.0l Graphics/color driver for pdftex
))
\Gin@req@height=\dimen124
\Gin@req@width=\dimen125
)
("C:\Program Files\MiKTeX 2.9\tex\latex\caption\subcaption.sty"
Package: subcaption 2018/05/01 v1.1-162 Sub-captions (AR)

("C:\Program Files\MiKTeX 2.9\tex\latex\caption\caption.sty"
Package: caption 2018/05/01 v3.3-147 Customizing captions (AR)

("C:\Program Files\MiKTeX 2.9\tex\latex\caption\caption3.sty"
Package: caption3 2018/05/27 v1.8a caption3 kernel (AR)
Package caption3 Info: TeX engine: e-TeX on input line 64.
\captionmargin=\dimen126
\captionmargin@=\dimen127
\captionwidth=\dimen128
\caption@tempdima=\dimen129
\caption@indent=\dimen130
\caption@parindent=\dimen131
\caption@hangindent=\dimen132
)
\c@ContinuedFloat=\count113
Package caption Info: hyperref package is loaded.
)
\c@subfigure=\count114
\c@subtable=\count115
)
Package hyperref Info: Option `colorlinks' set `true' on input line 17.

(cmpt469FinalProject.aux)
\openout1 = `cmpt469FinalProject.aux'.

LaTeX Font Info:    Checking defaults for OML/cmm/m/it on input line 23.
LaTeX Font Info:    ... okay on input line 23.
LaTeX Font Info:    Checking defaults for T1/cmr/m/n on input line 23.
LaTeX Font Info:    ... okay on input line 23.
LaTeX Font Info:    Checking defaults for OT1/cmr/m/n on input line 23.
LaTeX Font Info:    ... okay on input line 23.
LaTeX Font Info:    Checking defaults for OMS/cmsy/m/n on input line 23.
LaTeX Font Info:    ... okay on input line 23.
LaTeX Font Info:    Checking defaults for OMX/cmex/m/n on input line 23.
LaTeX Font Info:    ... okay on input line 23.
LaTeX Font Info:    Checking defaults for U/cmr/m/n on input line 23.
LaTeX Font Info:    ... okay on input line 23.
LaTeX Font Info:    Checking defaults for PD1/pdf/m/n on input line 23.
LaTeX Font Info:    ... okay on input line 23.

*geometry* driver: auto-detecting
*geometry* detected driver: pdftex
*geometry* verbose mode - [ preamble ] result:
* driver: pdftex
* paper: a4paper
* layout: <same size as paper>
* layoutoffset:(h,v)=(0.0pt,0.0pt)
* modes: 
* h-part:(L,W,R)=(28.90755pt, 539.69278pt, 28.90755pt)
* v-part:(T,H,B)=(28.90755pt, 787.23175pt, 28.90755pt)
* \paperwidth=597.50787pt
* \paperheight=845.04684pt
* \textwidth=539.69278pt
* \textheight=787.23175pt
* \oddsidemargin=-43.36244pt
* \evensidemargin=-43.36244pt
* \topmargin=-80.36244pt
* \headheight=12.0pt
* \headsep=25.0pt
* \topskip=10.0pt
* \footskip=18.06749pt
* \marginparwidth=65.0pt
* \marginparsep=11.0pt
* \columnsep=10.0pt
* \skip\footins=9.0pt plus 4.0pt minus 2.0pt
* \hoffset=0.0pt
* \voffset=0.0pt
* \mag=1000
* \@twocolumnfalse
* \@twosidefalse
* \@mparswitchfalse
* \@reversemarginfalse
* (1in=72.27pt=25.4mm, 1cm=28.453pt)

\AtBeginShipoutBox=\box28
("C:\Program Files\MiKTeX 2.9\tex\latex\graphics\color.sty"
Package: color 2016/07/10 v1.1e Standard LaTeX Color (DPC)

("C:\Program Files\MiKTeX 2.9\tex\latex\graphics-cfg\color.cfg"
File: color.cfg 2016/01/02 v1.6 sample color configuration
)
Package color Info: Driver file: pdftex.def on input line 147.
)
Package hyperref Info: Link coloring ON on input line 23.

("C:\Program Files\MiKTeX 2.9\tex\latex\hyperref\nameref.sty"
Package: nameref 2016/05/21 v2.44 Cross-referencing by name of section

("C:\Program Files\MiKTeX 2.9\tex\generic\oberdiek\gettitlestring.sty"
Package: gettitlestring 2016/05/16 v1.5 Cleanup title references (HO)
)
\c@section@level=\count116
)
LaTeX Info: Redefining \ref on input line 23.
LaTeX Info: Redefining \pageref on input line 23.
LaTeX Info: Redefining \nameref on input line 23.

(cmpt469FinalProject.out) (cmpt469FinalProject.out)
\@outlinefile=\write3
\openout3 = `cmpt469FinalProject.out'.


("C:\Program Files\MiKTeX 2.9\tex\context\base\supp-pdf.mkii"
[Loading MPS to PDF converter (version 2006.09.02).]
\scratchcounter=\count117
\scratchdimen=\dimen133
\scratchbox=\box29
\nofMPsegments=\count118
\nofMParguments=\count119
\everyMPshowfont=\toks21
\MPscratchCnt=\count120
\MPscratchDim=\dimen134
\MPnumerator=\count121
\makeMPintoPDFobject=\count122
\everyMPtoPDFconversion=\toks22
) ("C:\Program Files\MiKTeX 2.9\tex\latex\oberdiek\epstopdf-base.sty"
Package: epstopdf-base 2016/05/15 v2.6 Base part for package epstopdf

("C:\Program Files\MiKTeX 2.9\tex\latex\oberdiek\grfext.sty"
Package: grfext 2016/05/16 v1.2 Manage graphics extensions (HO)
)
Package epstopdf-base Info: Redefining graphics rule for `.eps' on input line 4
38.
Package grfext Info: Graphics extension search list:
(grfext)             [.pdf,.png,.jpg,.mps,.jpeg,.jbig2,.jb2,.PDF,.PNG,.JPG,.JPE
G,.JBIG2,.JB2,.eps]
(grfext)             \AppendGraphicsExtensions on input line 456.
)
Package caption Info: Begin \AtBeginDocument code.
Package caption Info: End \AtBeginDocument code.
<results/p1_noblend/1.png, id=3, 983.8356pt x 369.0588pt>
File: results/p1_noblend/1.png Graphic file (type png)
<use results/p1_noblend/1.png>
Package pdftex.def Info: results/p1_noblend/1.png  used on input line 36.
(pdftex.def)             Requested size: 541.11125pt x 202.98296pt.

Overfull \hbox (1.41847pt too wide) in paragraph at lines 36--38
 [][] 
 []

<results/p1_noblend/4.png, id=4, 1508.63625pt x 1005.7575pt>
File: results/p1_noblend/4.png Graphic file (type png)
<use results/p1_noblend/4.png>
Package pdftex.def Info: results/p1_noblend/4.png  used on input line 41.
(pdftex.def)             Requested size: 377.15814pt x 251.43875pt.

Underfull \hbox (badness 10000) in paragraph at lines 46--47

 []

[1

{C:/Users/Curtis/AppData/Local/MiKTeX/2.9/pdftex/config/pdftex.map} <./results/
p1_noblend/1.png (PNG copy)> <./results/p1_noblend/4.png (PNG copy)>]
Underfull \hbox (badness 10000) in paragraph at lines 54--55

 []

<results/p1_noblend/2.png, id=16, 983.8356pt x 369.0588pt>
File: results/p1_noblend/2.png Graphic file (type png)
<use results/p1_noblend/2.png>
Package pdftex.def Info: results/p1_noblend/2.png  used on input line 59.
(pdftex.def)             Requested size: 541.11125pt x 202.98296pt.

Overfull \hbox (1.41847pt too wide) in paragraph at lines 59--61
 [][] 
 []

<results/p1_noblend/3.png, id=17, 983.8356pt x 369.0588pt>
File: results/p1_noblend/3.png Graphic file (type png)
<use results/p1_noblend/3.png>
Package pdftex.def Info: results/p1_noblend/3.png  used on input line 67.
(pdftex.def)             Requested size: 541.11125pt x 202.98296pt.

Overfull \hbox (1.41847pt too wide) in paragraph at lines 67--69
 [][] 
 []

[2 <./results/p1_noblend/2.png (PNG copy)> <./results/p1_noblend/3.png (PNG cop
y)>]
File: results/p1_noblend/4.png Graphic file (type png)
<use results/p1_noblend/4.png>
Package pdftex.def Info: results/p1_noblend/4.png  used on input line 77.
(pdftex.def)             Requested size: 346.97903pt x 231.31935pt.
<results/p1_noblend/C.jpg, id=26, 737.75626pt x 553.31718pt>
File: results/p1_noblend/C.jpg Graphic file (type jpg)
<use results/p1_noblend/C.jpg>
Package pdftex.def Info: results/p1_noblend/C.jpg  used on input line 86.
(pdftex.def)             Requested size: 184.43861pt x 138.32895pt.
<results/p1_noblend/D.jpg, id=27, 737.75626pt x 553.31718pt>
File: results/p1_noblend/D.jpg Graphic file (type jpg)
<use results/p1_noblend/D.jpg>
Package pdftex.def Info: results/p1_noblend/D.jpg  used on input line 92.
(pdftex.def)             Requested size: 184.43861pt x 138.32895pt.
<results/p1_noblend/E.jpg, id=28, 737.75626pt x 553.31718pt>
File: results/p1_noblend/E.jpg Graphic file (type jpg)
<use results/p1_noblend/E.jpg>
Package pdftex.def Info: results/p1_noblend/E.jpg  used on input line 99.
(pdftex.def)             Requested size: 184.43861pt x 138.32895pt.
<results/p1_noblend/16.png, id=29, 2496.32625pt x 1395.2125pt>
File: results/p1_noblend/16.png Graphic file (type png)
<use results/p1_noblend/16.png>
Package pdftex.def Info: results/p1_noblend/16.png  used on input line 108.
(pdftex.def)             Requested size: 499.25641pt x 279.03755pt.
 [3 <./results/p1_noblend/C.jpg> <./results/p1_noblend/D.jpg> <./results/p1_nob
lend/E.jpg>]
<results/blending_curves.png, id=39, 392.96812pt x 121.95563pt>
File: results/blending_curves.png Graphic file (type png)
<use results/blending_curves.png>
Package pdftex.def Info: results/blending_curves.png  used on input line 121.
(pdftex.def)             Requested size: 392.96715pt x 121.9553pt.
<results/p1_blend/16.png, id=40, 2503.3525pt x 1403.2425pt>
File: results/p1_blend/16.png Graphic file (type png)
<use results/p1_blend/16.png>
Package pdftex.def Info: results/p1_blend/16.png  used on input line 130.
(pdftex.def)             Requested size: 500.66164pt x 280.64352pt.
 [4 <./results/p1_noblend/16.png (PNG copy)> <./results/blending_curves.png (PN
G copy)>]
<results/p6_noblend/16.png, id=49, 2838.605pt x 1777.64125pt>
File: results/p6_noblend/16.png Graphic file (type png)
<use results/p6_noblend/16.png>
Package pdftex.def Info: results/p6_noblend/16.png  used on input line 138.
(pdftex.def)             Requested size: 510.92686pt x 319.96162pt.
<results/p6_blend/16.png, id=50, 2828.5675pt x 1788.6825pt>
File: results/p6_blend/16.png Graphic file (type png)
<use results/p6_blend/16.png>
Package pdftex.def Info: results/p6_blend/16.png  used on input line 146.
(pdftex.def)             Requested size: 509.1202pt x 321.94896pt.
 [5 <./results/p1_blend/16.png (PNG copy)> <./results/p6_noblend/16.png (PNG co
py)>]
<results/1.jpg, id=57, 553.31718pt x 737.75626pt>
File: results/1.jpg Graphic file (type jpg)
<use results/1.jpg>
Package pdftex.def Info: results/1.jpg  used on input line 161.
(pdftex.def)             Requested size: 82.99399pt x 110.65866pt.
<results/2.jpg, id=58, 737.75626pt x 553.31718pt>
File: results/2.jpg Graphic file (type jpg)
<use results/2.jpg>
Package pdftex.def Info: results/2.jpg  used on input line 167.
(pdftex.def)             Requested size: 110.65866pt x 82.99399pt.

Overfull \hbox (2.72176pt too wide) in paragraph at lines 167--169
 [][] 
 []

<results/3.jpg, id=59, 553.31718pt x 737.75626pt>
File: results/3.jpg Graphic file (type jpg)
<use results/3.jpg>
Package pdftex.def Info: results/3.jpg  used on input line 173.
(pdftex.def)             Requested size: 82.99399pt x 110.65866pt.
<results/4.jpg, id=60, 553.31718pt x 737.75626pt>
File: results/4.jpg Graphic file (type jpg)
<use results/4.jpg>
Package pdftex.def Info: results/4.jpg  used on input line 179.
(pdftex.def)             Requested size: 82.99399pt x 110.65866pt.
<results/5.jpg, id=61, 553.31718pt x 737.75626pt>
File: results/5.jpg Graphic file (type jpg)
<use results/5.jpg>
Package pdftex.def Info: results/5.jpg  used on input line 185.
(pdftex.def)             Requested size: 82.99399pt x 110.65866pt.
<results/p2_noblend/16.png, id=62, 2328.7pt x 1686.3pt>
File: results/p2_noblend/16.png Graphic file (type png)
<use results/p2_noblend/16.png>
Package pdftex.def Info: results/p2_noblend/16.png  used on input line 196.
(pdftex.def)             Requested size: 465.73175pt x 337.25403pt.
[6 <./results/p6_blend/16.png (PNG copy)> <./results/1.jpg> <./results/2.jpg> <
./results/3.jpg> <./results/4.jpg> <./results/5.jpg>]
<results/p2_blend/16.png, id=69, 2432.08624pt x 1774.63pt>
File: results/p2_blend/16.png Graphic file (type png)
<use results/p2_blend/16.png>
Package pdftex.def Info: results/p2_blend/16.png  used on input line 201.
(pdftex.def)             Requested size: 466.96268pt x 340.73051pt.
 [7 <./results/p2_noblend/16.png (PNG copy)> <./results/p2_blend/16.png (PNG co
py)>]
<results/issue1.png, id=77, 964.35281pt x 552.56438pt>
File: results/issue1.png Graphic file (type png)
<use results/issue1.png>
Package pdftex.def Info: results/issue1.png  used on input line 210.
(pdftex.def)             Requested size: 482.17523pt x 276.28151pt.
<results/issue2.png, id=79, 791.20593pt x 552.56438pt>
File: results/issue2.png Graphic file (type png)
<use results/issue2.png>
Package pdftex.def Info: results/issue2.png  used on input line 215.
(pdftex.def)             Requested size: 474.72722pt x 331.54118pt.
 [8 <./results/issue1.png> <./results/issue2.png>]
<results/SIFT_indifference/method1/7.png, id=88, 737.6358pt x 492.3996pt>
File: results/SIFT_indifference/method1/7.png Graphic file (type png)
<use results/SIFT_indifference/method1/7.png>
Package pdftex.def Info: results/SIFT_indifference/method1/7.png  used on input
 line 225.
(pdftex.def)             Requested size: 258.17639pt x 172.34244pt.
<results/SIFT_indifference/method1/15.png, id=89, 737.6358pt x 492.3996pt>
File: results/SIFT_indifference/method1/15.png Graphic file (type png)
<use results/SIFT_indifference/method1/15.png>
Package pdftex.def Info: results/SIFT_indifference/method1/15.png  used on inpu
t line 231.
(pdftex.def)             Requested size: 258.17639pt x 172.34244pt.
File: results/SIFT_indifference/method1/7.png Graphic file (type png)
<use results/SIFT_indifference/method1/7.png>
Package pdftex.def Info: results/SIFT_indifference/method1/7.png  used on input
 line 245.
(pdftex.def)             Requested size: 258.17639pt x 172.34244pt.
<results/SIFT_indifference/method2/3.png, id=90, 737.6358pt x 492.3996pt>
File: results/SIFT_indifference/method2/3.png Graphic file (type png)
<use results/SIFT_indifference/method2/3.png>
Package pdftex.def Info: results/SIFT_indifference/method2/3.png  used on input
 line 251.
(pdftex.def)             Requested size: 258.17639pt x 172.34244pt.
<results/SIFT_indifference/method1/16.png, id=91, 2963.07pt x 2902.845pt>
File: results/SIFT_indifference/method1/16.png Graphic file (type png)
<use results/SIFT_indifference/method1/16.png>
Package pdftex.def Info: results/SIFT_indifference/method1/16.png  used on inpu
t line 265.
(pdftex.def)             Requested size: 269.64883pt x 264.16817pt.
<results/SIFT_indifference/method2/8.png, id=92, 2792.18156pt x 2785.40625pt>
File: results/SIFT_indifference/method2/8.png Graphic file (type png)
<use results/SIFT_indifference/method2/8.png>
Package pdftex.def Info: results/SIFT_indifference/method2/8.png  used on input
 line 271.
(pdftex.def)             Requested size: 265.26001pt x 264.61635pt.
 [9 <./results/SIFT_indifference/method1/7.png (PNG copy)> <./results/SIFT_indi
fference/method1/15.png (PNG copy)> <./results/SIFT_indifference/method2/3.png 
(PNG copy)>]
<results/p5_noblend/16.png, id=101, 3021.2875pt x 1867.97874pt>
File: results/p5_noblend/16.png Graphic file (type png)
<use results/p5_noblend/16.png>
Package pdftex.def Info: results/p5_noblend/16.png  used on input line 288.
(pdftex.def)             Requested size: 513.61209pt x 317.55219pt.
<results/p5_blended/16.png, id=102, 2989.1675pt x 1837.86626pt>
File: results/p5_blended/16.png Graphic file (type png)
<use results/p5_blended/16.png>
Package pdftex.def Info: results/p5_blended/16.png  used on input line 294.
(pdftex.def)             Requested size: 508.15176pt x 312.43314pt.
 [10 <./results/SIFT_indifference/method1/16.png (PNG copy)> <./results/SIFT_in
difference/method2/8.png> <./results/p5_noblend/16.png (PNG copy)>]
<results/p7_noblend/16.png, id=110, 2643.8775pt x 1967.35pt>
File: results/p7_noblend/16.png Graphic file (type png)
<use results/p7_noblend/16.png>
Package pdftex.def Info: results/p7_noblend/16.png  used on input line 299.
(pdftex.def)             Requested size: 475.87743pt x 354.10773pt.
<results/p7_blend/16.png, id=111, 2624.80624pt x 1946.27126pt>
File: results/p7_blend/16.png Graphic file (type png)
<use results/p7_blend/16.png>
Package pdftex.def Info: results/p7_blend/16.png  used on input line 305.
(pdftex.def)             Requested size: 472.44475pt x 350.3137pt.
 [11 <./results/p5_blended/16.png (PNG copy)> <./results/p7_noblend/16.png (PNG
 copy)>]
<results/p3_noblend/16.png, id=118, 4295.04625pt x 2613.765pt>
File: results/p3_noblend/16.png Graphic file (type png)
<use results/p3_noblend/16.png>
Package pdftex.def Info: results/p3_noblend/16.png  used on input line 311.
(pdftex.def)             Requested size: 515.38332pt x 313.63828pt.
<results/p3_blend/16.png, id=119, 4435.57124pt x 2747.26375pt>
File: results/p3_blend/16.png Graphic file (type png)
<use results/p3_blend/16.png>
Package pdftex.def Info: results/p3_blend/16.png  used on input line 317.
(pdftex.def)             Requested size: 532.24559pt x 329.65742pt.
 [12 <./results/p7_blend/16.png (PNG copy)> <./results/p3_noblend/16.png (PNG c
opy)>]
Package atveryend Info: Empty hook `BeforeClearDocument' on input line 325.
 [13 <./results/p3_blend/16.png (PNG copy)>]
Package atveryend Info: Empty hook `AfterLastShipout' on input line 325.
 (cmpt469FinalProject.aux)
Package atveryend Info: Executing hook `AtVeryEndDocument' on input line 325.
Package atveryend Info: Executing hook `AtEndAfterFileList' on input line 325.
Package rerunfilecheck Info: File `cmpt469FinalProject.out' has not changed.
(rerunfilecheck)             Checksum: D41D8CD98F00B204E9800998ECF8427E;0.
Package atveryend Info: Empty hook `AtVeryVeryEnd' on input line 325.
 ) 
Here is how much of TeX's memory you used:
 7400 strings out of 492973
 113909 string characters out of 3135930
 209688 words of memory out of 3000000
 11131 multiletter control sequences out of 15000+200000
 9248 words of font info for 34 fonts, out of 3000000 for 9000
 1141 hyphenation exceptions out of 8191
 42i,10n,40p,1461b,517s stack positions out of 5000i,500n,10000p,200000b,50000s
<C:/Program Files/MiKTeX 2.9/fonts/type1/public/amsfonts/cm/cmbx10.pfb><C:/Pr
ogram Files/MiKTeX 2.9/fonts/type1/public/amsfonts/cm/cmmi10.pfb><C:/Program Fi
les/MiKTeX 2.9/fonts/type1/public/amsfonts/cm/cmmi7.pfb><C:/Program Files/MiKTe
X 2.9/fonts/type1/public/amsfonts/cm/cmmi9.pfb><C:/Program Files/MiKTeX 2.9/fon
ts/type1/public/amsfonts/cm/cmr10.pfb><C:/Program Files/MiKTeX 2.9/fonts/type1/
public/amsfonts/cm/cmr12.pfb><C:/Program Files/MiKTeX 2.9/fonts/type1/public/am
sfonts/cm/cmr17.pfb><C:/Program Files/MiKTeX 2.9/fonts/type1/public/amsfonts/cm
/cmr6.pfb><C:/Program Files/MiKTeX 2.9/fonts/type1/public/amsfonts/cm/cmr7.pfb>
<C:/Program Files/MiKTeX 2.9/fonts/type1/public/amsfonts/cm/cmr9.pfb><C:/Progra
m Files/MiKTeX 2.9/fonts/type1/public/amsfonts/cm/cmsy10.pfb><C:/Program Files/
MiKTeX 2.9/fonts/type1/public/amsfonts/cm/cmsy7.pfb>
Output written on cmpt469FinalProject.pdf (13 pages, 67259744 bytes).
PDF statistics:
 181 PDF objects out of 1000 (max. 8388607)
 40 named destinations out of 1000 (max. 500000)
 161 words of extra memory for PDF output out of 10000 (max. 10000000)

